npm verbose cli /Users/devendragawade/.nvm/versions/node/v20.19.5/bin/node /Users/devendragawade/.nvm/versions/node/v20.19.5/bin/npm
npm info using npm@10.8.2
npm info using node@v20.19.5
npm verbose title npm install
npm verbose argv "install" "--legacy-peer-deps" "--loglevel" "verbose"
npm verbose logfile logs-max:10 dir:/Users/devendragawade/.npm/_logs/2025-10-30T13_34_03_979Z-
npm verbose logfile /Users/devendragawade/.npm/_logs/2025-10-30T13_34_03_979Z-debug-0.log
npm http fetch GET 200 https://registry.npmjs.org/browserstack-cypress-cli 6ms (cache hit)
npm http fetch GET 200 https://registry.npmjs.org/cypress 4ms (cache hit)
npm http fetch GET 200 https://registry.npmjs.org/archiver 6ms (cache hit)
npm http fetch GET 200 https://registry.npmjs.org/async 8ms (cache hit)
npm http fetch GET 200 https://registry.npmjs.org/axios 10ms (cache hit)
npm http fetch GET 200 https://registry.npmjs.org/axios-retry 15ms (cache hit)
npm http fetch GET 200 https://registry.npmjs.org/cli-progress 16ms (cache hit)
npm http fetch GET 200 https://registry.npmjs.org/browserstack-local 17ms (cache hit)
npm http fetch GET 200 https://registry.npmjs.org/chalk 20ms (cache hit)
npm http fetch GET 200 https://registry.npmjs.org/detect-port 13ms (cache hit)
npm http fetch GET 200 https://registry.npmjs.org/decompress 16ms (cache hit)
npm http fetch GET 200 https://registry.npmjs.org/form-data 11ms (cache hit)
npm http fetch GET 200 https://registry.npmjs.org/fs-extra 10ms (cache hit)
npm http fetch GET 200 https://registry.npmjs.org/git-last-commit 9ms (cache hit)
npm http fetch GET 200 https://registry.npmjs.org/getmac 12ms (cache hit)
npm http fetch GET 200 https://registry.npmjs.org/git-repo-info 17ms (cache hit)
npm http fetch GET 200 https://registry.npmjs.org/gitconfiglocal 17ms (cache hit)
npm http fetch GET 200 https://registry.npmjs.org/glob 17ms (cache hit)
npm http fetch GET 200 https://registry.npmjs.org/mkdirp 19ms (cache hit)
npm http fetch GET 200 https://registry.npmjs.org/node-ipc 19ms (cache hit)
npm http fetch GET 200 https://registry.npmjs.org/table 13ms (cache hit)
npm http fetch GET 200 https://registry.npmjs.org/mocha 26ms (cache hit)
npm http fetch GET 200 https://registry.npmjs.org/tsc-alias 39ms (cache hit)
npm http fetch GET 200 https://registry.npmjs.org/unzipper 41ms (cache hit)
npm http fetch GET 200 https://registry.npmjs.org/update-notifier 39ms (cache hit)
npm http fetch GET 200 https://registry.npmjs.org/uuid 39ms (cache hit)
npm http fetch GET 200 https://registry.npmjs.org/windows-release 40ms (cache hit)
npm http fetch GET 200 https://registry.npmjs.org/winston 38ms (cache hit)
npm http fetch GET 200 https://registry.npmjs.org/yargs 20ms (cache hit)
npm http fetch GET 200 https://registry.npmjs.org/tmp 16ms (cache hit)
npm http fetch GET 200 https://registry.npmjs.org/dayjs 13ms (cache hit)
npm http fetch GET 200 https://registry.npmjs.org/arch 16ms (cache hit)
npm http fetch GET 200 https://registry.npmjs.org/debug 15ms (cache hit)
npm http fetch GET 200 https://registry.npmjs.org/execa 15ms (cache hit)
npm http fetch GET 200 https://registry.npmjs.org/getos 15ms (cache hit)
npm http fetch GET 200 https://registry.npmjs.org/yauzl 14ms (cache hit)
npm http fetch GET 200 https://registry.npmjs.org/buffer 13ms (cache hit)
npm http fetch GET 200 https://registry.npmjs.org/listr2 16ms (cache hit)
npm http fetch GET 200 https://registry.npmjs.org/lodash 19ms (cache hit)
npm http fetch GET 200 https://registry.npmjs.org/ospath 19ms (cache hit)
npm http fetch GET 200 https://registry.npmjs.org/ci-info 16ms (cache hit)
npm http fetch GET 200 https://registry.npmjs.org/semver 18ms (cache hit)
npm http fetch GET 200 https://registry.npmjs.org/figures 17ms (cache hit)
npm http fetch GET 200 https://registry.npmjs.org/process 16ms (cache hit)
npm http fetch GET 200 https://registry.npmjs.org/enquirer 7ms (cache hit)
npm http fetch GET 200 https://registry.npmjs.org/bluebird 13ms (cache hit)
npm http fetch GET 200 https://registry.npmjs.org/lazy-ass 12ms (cache hit)
npm http fetch GET 200 https://registry.npmjs.org/cachedir 14ms (cache hit)
npm http fetch GET 200 https://registry.npmjs.org/minimist 13ms (cache hit)
npm http fetch GET 200 https://registry.npmjs.org/commander 12ms (cache hit)
npm http fetch GET 200 https://registry.npmjs.org/blob-util 27ms (cache hit)
npm http fetch GET 200 https://registry.npmjs.org/tree-kill 25ms (cache hit)
npm http fetch GET 200 https://registry.npmjs.org/cli-table3 54ms (cache hit)
npm http fetch GET 200 https://registry.npmjs.org/cli-cursor 56ms (cache hit)
npm http fetch GET 200 https://registry.npmjs.org/untildify 58ms (cache hit)
npm http fetch GET 200 https://registry.npmjs.org/executable 78ms (cache hit)
npm http fetch GET 200 https://registry.npmjs.org/common-tags 71ms (cache hit)
npm http fetch GET 200 https://registry.npmjs.org/extract-zip 64ms (cache hit)
npm http fetch GET 200 https://registry.npmjs.org/log-symbols 29ms (cache hit)
npm http fetch GET 200 https://registry.npmjs.org/@cypress%2fxvfb 30ms (cache hit)
npm http fetch GET 200 https://registry.npmjs.org/@types%2fsizzle 8ms (cache hit)
npm http fetch GET 200 https://registry.npmjs.org/pretty-bytes 31ms (cache hit)
npm http fetch GET 200 https://registry.npmjs.org/eventemitter2 10ms (cache hit)
npm http fetch GET 200 https://registry.npmjs.org/proxy-from-env 9ms (cache hit)
npm http fetch GET 200 https://registry.npmjs.org/supports-color 9ms (cache hit)
npm http fetch GET 200 https://registry.npmjs.org/@cypress%2frequest 9ms (cache hit)
npm http fetch GET 200 https://registry.npmjs.org/check-more-types 8ms (cache hit)
npm http fetch GET 200 https://registry.npmjs.org/request-progress 10ms (cache hit)
npm http fetch GET 200 https://registry.npmjs.org/is-installed-globally 9ms (cache hit)
npm http fetch GET 200 https://registry.npmjs.org/@types%2fsinonjs__fake-timers 6ms (cache hit)
npm http fetch GET 200 https://registry.npmjs.org/buffer-crc32 10ms (cache hit)
npm http fetch GET 200 https://registry.npmjs.org/readdir-glob 5ms (cache hit)
npm http fetch GET 200 https://registry.npmjs.org/zip-stream 5ms (cache hit)
npm http fetch GET 200 https://registry.npmjs.org/tar-stream 6ms (cache hit)
npm http fetch GET 200 https://registry.npmjs.org/readable-stream 9ms (cache hit)
npm http fetch GET 200 https://registry.npmjs.org/follow-redirects 10ms (cache hit)
npm http fetch GET 200 https://registry.npmjs.org/archiver-utils 20ms (cache hit)
npm http fetch GET 200 https://registry.npmjs.org/is-retry-allowed 11ms (cache hit)
npm http fetch GET 200 https://registry.npmjs.org/ps-tree 10ms (cache hit)
npm http fetch GET 200 https://registry.npmjs.org/temp-fs 11ms (cache hit)
npm http fetch GET 200 https://registry.npmjs.org/@babel%2fruntime 18ms (cache hit)
npm http fetch GET 200 https://registry.npmjs.org/https-proxy-agent 21ms (cache hit)
npm http fetch GET 200 https://registry.npmjs.org/is-running 22ms (cache hit)
npm http fetch GET 200 https://registry.npmjs.org/agent-base 25ms (cache hit)
npm http fetch GET 200 https://registry.npmjs.org/ansi-styles 22ms (cache hit)
npm http fetch GET 200 https://registry.npmjs.org/decompress-tar 21ms (cache hit)
npm http fetch GET 200 https://registry.npmjs.org/string-width 25ms (cache hit)
npm http fetch GET 200 https://registry.npmjs.org/graceful-fs 8ms (cache hit)
npm http fetch GET 200 https://registry.npmjs.org/decompress-targz 10ms (cache hit)
npm http fetch GET 200 https://registry.npmjs.org/decompress-unzip 11ms (cache hit)
npm http fetch GET 200 https://registry.npmjs.org/decompress-tarbz2 13ms (cache hit)
npm http fetch GET 200 https://registry.npmjs.org/make-dir 9ms (cache hit)
npm http fetch GET 200 https://registry.npmjs.org/strip-dirs 6ms (cache hit)
npm http fetch GET 200 https://registry.npmjs.org/pify 11ms (cache hit)
npm http fetch GET 200 https://registry.npmjs.org/address 7ms (cache hit)
npm http fetch GET 200 https://registry.npmjs.org/hasown 7ms (cache hit)
npm http fetch GET 200 https://registry.npmjs.org/mime-types 6ms (cache hit)
npm http fetch GET 200 https://registry.npmjs.org/asynckit 8ms (cache hit)
npm http fetch GET 200 https://registry.npmjs.org/es-set-tostringtag 9ms (cache hit)
npm http fetch GET 200 https://registry.npmjs.org/jsonfile 13ms (cache hit)
npm http fetch GET 200 https://registry.npmjs.org/combined-stream 17ms (cache hit)
npm http fetch GET 200 https://registry.npmjs.org/ini 14ms (cache hit)
npm http fetch GET 200 https://registry.npmjs.org/universalify 17ms (cache hit)
npm http fetch GET 200 https://registry.npmjs.org/once 15ms (cache hit)
npm http fetch GET 200 https://registry.npmjs.org/inflight 13ms (cache hit)
npm http fetch GET 200 https://registry.npmjs.org/@types%2fnode 29ms (cache hit)
npm http fetch GET 200 https://registry.npmjs.org/inherits 67ms (cache hit)
npm http fetch GET 200 https://registry.npmjs.org/minimatch 67ms (cache hit)
npm http fetch GET 200 https://registry.npmjs.org/fs.realpath 67ms (cache hit)
npm http fetch GET 200 https://registry.npmjs.org/path-is-absolute 66ms (cache hit)
npm http fetch GET 200 https://registry.npmjs.org/he 69ms (cache hit)
npm http fetch GET 200 https://registry.npmjs.org/diff 9ms (cache hit)
npm http fetch GET 200 https://registry.npmjs.org/js-yaml 7ms (cache hit)
npm http fetch GET 200 https://registry.npmjs.org/ms 70ms (cache hit)
npm http fetch GET 200 https://registry.npmjs.org/chokidar 9ms (cache hit)
npm http fetch GET 200 https://registry.npmjs.org/find-up 13ms (cache hit)
npm http fetch GET 200 https://registry.npmjs.org/workerpool 11ms (cache hit)
npm http fetch GET 200 https://registry.npmjs.org/ansi-colors 12ms (cache hit)
npm http fetch GET 200 https://registry.npmjs.org/yargs-parser 10ms (cache hit)
npm http fetch GET 200 https://registry.npmjs.org/escape-string-regexp 7ms (cache hit)
npm http fetch GET 200 https://registry.npmjs.org/browser-stdout 12ms (cache hit)
npm http fetch GET 200 https://registry.npmjs.org/yargs-unparser 11ms (cache hit)
npm http fetch GET 200 https://registry.npmjs.org/strip-json-comments 10ms (cache hit)
npm http fetch GET 200 https://registry.npmjs.org/serialize-javascript 10ms (cache hit)
npm http fetch GET 200 https://registry.npmjs.org/js-queue 9ms (cache hit)
npm http fetch GET 200 https://registry.npmjs.org/event-pubsub 8ms (cache hit)
npm http fetch GET 200 https://registry.npmjs.org/js-message 9ms (cache hit)
npm http fetch GET 200 https://registry.npmjs.org/slice-ansi 7ms (cache hit)
npm http fetch GET 200 https://registry.npmjs.org/ajv 10ms (cache hit)
npm http fetch GET 200 https://registry.npmjs.org/get-tsconfig 13ms (cache hit)
npm http fetch GET 200 https://registry.npmjs.org/globby 13ms (cache hit)
npm http fetch GET 200 https://registry.npmjs.org/mylas 14ms (cache hit)
npm http fetch GET 200 https://registry.npmjs.org/duplexer2 13ms (cache hit)
npm http fetch GET 200 https://registry.npmjs.org/node-int64 8ms (cache hit)
npm http fetch GET 200 https://registry.npmjs.org/normalize-path 16ms (cache hit)
npm http fetch GET 200 https://registry.npmjs.org/plimit-lit 15ms (cache hit)
npm http fetch GET 200 https://registry.npmjs.org/pupa 9ms (cache hit)
npm http fetch GET 200 https://registry.npmjs.org/boxen 8ms (cache hit)
npm http fetch GET 200 https://registry.npmjs.org/is-in-ci 6ms (cache hit)
npm http fetch GET 200 https://registry.npmjs.org/configstore 6ms (cache hit)
npm http fetch GET 200 https://registry.npmjs.org/import-lazy 8ms (cache hit)
npm http fetch GET 200 https://registry.npmjs.org/is-npm 11ms (cache hit)
npm http fetch GET 200 https://registry.npmjs.org/semver-diff 8ms (cache hit)
npm http fetch GET 200 https://registry.npmjs.org/xdg-basedir 8ms (cache hit)
npm http fetch GET 200 https://registry.npmjs.org/latest-version 8ms (cache hit)
npm http fetch GET 200 https://registry.npmjs.org/eyes 8ms (cache hit)
npm http fetch GET 200 https://registry.npmjs.org/isstream 5ms (cache hit)
npm http fetch GET 200 https://registry.npmjs.org/stack-trace 5ms (cache hit)
npm http fetch GET 200 https://registry.npmjs.org/cycle 9ms (cache hit)
npm http fetch GET 200 https://registry.npmjs.org/colors 7ms (cache hit)
npm http fetch GET 200 https://registry.npmjs.org/y18n 8ms (cache hit)
npm http fetch GET 200 https://registry.npmjs.org/cliui 8ms (cache hit)
npm http fetch GET 200 https://registry.npmjs.org/decamelize 8ms (cache hit)
npm http fetch GET 200 https://registry.npmjs.org/set-blocking 7ms (cache hit)
npm http fetch GET 200 https://registry.npmjs.org/require-directory 5ms (cache hit)
npm http fetch GET 200 https://registry.npmjs.org/require-main-filename 4ms (cache hit)
npm http fetch GET 200 https://registry.npmjs.org/which-module 8ms (cache hit)
npm http fetch GET 200 https://registry.npmjs.org/get-caller-file 7ms (cache hit)
npm http fetch GET 200 https://registry.npmjs.org/lodash.defaults 4ms (cache hit)
npm http fetch GET 200 https://registry.npmjs.org/lazystream 6ms (cache hit)
npm http fetch GET 200 https://registry.npmjs.org/lodash.difference 6ms (cache hit)
npm http fetch GET 200 https://registry.npmjs.org/lodash.flatten 7ms (cache hit)
npm http fetch GET 200 https://registry.npmjs.org/lodash.union 8ms (cache hit)
npm http fetch GET 200 https://registry.npmjs.org/string_decoder 8ms (cache hit)
npm http fetch GET 200 https://registry.npmjs.org/lodash.isplainobject 9ms (cache hit)
npm http fetch GET 200 https://registry.npmjs.org/util-deprecate 6ms (cache hit)
npm http fetch GET 200 https://registry.npmjs.org/fs-constants 5ms (cache hit)
npm http fetch GET 200 https://registry.npmjs.org/end-of-stream 4ms (cache hit)
npm http fetch GET 200 https://registry.npmjs.org/bl 6ms (cache hit)
npm http fetch GET 200 https://registry.npmjs.org/compress-commons 4ms (cache hit)
npm http fetch GET 200 https://registry.npmjs.org/core-util-is 5ms (cache hit)
npm http fetch GET 200 https://registry.npmjs.org/process-nextick-args 4ms (cache hit)
npm http fetch GET 200 https://registry.npmjs.org/safe-buffer 5ms (cache hit)
npm http fetch GET 200 https://registry.npmjs.org/isarray 7ms (cache hit)
npm http fetch GET 200 https://registry.npmjs.org/event-stream 1ms (cache hit)
npm http fetch GET 200 https://registry.npmjs.org/rimraf 2ms (cache hit)
npm http fetch GET 200 https://registry.npmjs.org/has-flag 1ms (cache hit)
npm http fetch GET 200 https://registry.npmjs.org/color-convert 2ms (cache hit)
npm http fetch GET 200 https://registry.npmjs.org/color-name 3ms (cache hit)
npm http fetch GET 200 https://registry.npmjs.org/is-fullwidth-code-point 1ms (cache hit)
npm http fetch GET 200 https://registry.npmjs.org/emoji-regex 3ms (cache hit)
npm http fetch GET 200 https://registry.npmjs.org/strip-ansi 3ms (cache hit)
npm http fetch GET 200 https://registry.npmjs.org/aws-sign2 5ms (cache hit)
npm http fetch GET 200 https://registry.npmjs.org/extend 6ms (cache hit)
npm http fetch GET 200 https://registry.npmjs.org/caseless 7ms (cache hit)
npm http fetch GET 200 https://registry.npmjs.org/aws4 7ms (cache hit)
npm http fetch GET 200 https://registry.npmjs.org/is-typedarray 6ms (cache hit)
npm http fetch GET 200 https://registry.npmjs.org/http-signature 7ms (cache hit)
npm http fetch GET 200 https://registry.npmjs.org/forever-agent 8ms (cache hit)
npm http fetch GET 200 https://registry.npmjs.org/qs 7ms (cache hit)
npm http fetch GET 200 https://registry.npmjs.org/json-stringify-safe 10ms (cache hit)
npm http fetch GET 200 https://registry.npmjs.org/performance-now 10ms (cache hit)
npm http fetch GET 200 https://registry.npmjs.org/tunnel-agent 8ms (cache hit)
npm http fetch GET 200 https://registry.npmjs.org/tough-cookie 10ms (cache hit)
npm http fetch GET 200 https://registry.npmjs.org/lodash.once 9ms (cache hit)
npm http fetch GET 200 https://registry.npmjs.org/base64-js 11ms (cache hit)
npm http fetch GET 200 https://registry.npmjs.org/ieee754 7ms (cache hit)
npm http fetch GET 200 https://registry.npmjs.org/onetime 7ms (cache hit)
npm http fetch GET 200 https://registry.npmjs.org/@colors%2fcolors 8ms (cache hit)
npm http fetch GET 200 https://registry.npmjs.org/is-stream 7ms (cache hit)
npm http fetch GET 200 https://registry.npmjs.org/get-stream 6ms (cache hit)
npm http fetch GET 200 https://registry.npmjs.org/restore-cursor 10ms (cache hit)
npm http fetch GET 200 https://registry.npmjs.org/cross-spawn 8ms (cache hit)
npm http fetch GET 200 https://registry.npmjs.org/npm-run-path 5ms (cache hit)
npm http fetch GET 200 https://registry.npmjs.org/human-signals 6ms (cache hit)
npm http fetch GET 200 https://registry.npmjs.org/merge-stream 8ms (cache hit)
npm http fetch GET 200 https://registry.npmjs.org/signal-exit 11ms (cache hit)
npm http fetch GET 200 https://registry.npmjs.org/strip-final-newline 10ms (cache hit)
npm http fetch GET 200 https://registry.npmjs.org/@types%2fyauzl 11ms (cache hit)
npm http fetch GET 200 https://registry.npmjs.org/at-least-node 14ms (cache hit)
npm http fetch GET 200 https://registry.npmjs.org/rxjs 15ms (cache hit)
npm http fetch GET 200 https://registry.npmjs.org/global-dirs 24ms (cache hit)
npm http fetch GET 200 https://registry.npmjs.org/rfdc 23ms (cache hit)
npm http fetch GET 200 https://registry.npmjs.org/is-path-inside 24ms (cache hit)
npm http fetch GET 200 https://registry.npmjs.org/p-map 21ms (cache hit)
npm http fetch GET 200 https://registry.npmjs.org/through 19ms (cache hit)
npm http fetch GET 200 https://registry.npmjs.org/colorette 17ms (cache hit)
npm http fetch GET 200 https://registry.npmjs.org/wrap-ansi 6ms (cache hit)
npm http fetch GET 200 https://registry.npmjs.org/log-update 6ms (cache hit)
npm http fetch GET 200 https://registry.npmjs.org/is-unicode-supported 5ms (cache hit)
npm http fetch GET 200 https://registry.npmjs.org/cli-truncate 5ms (cache hit)
npm http fetch GET 200 https://registry.npmjs.org/throttleit 5ms (cache hit)
npm http fetch GET 200 https://registry.npmjs.org/fd-slicer 5ms (cache hit)
npm http fetch GET 200 https://registry.npmjs.org/delayed-stream 6ms (cache hit)
npm http fetch GET 200 https://registry.npmjs.org/sshpk 6ms (cache hit)
npm http fetch GET 200 https://registry.npmjs.org/assert-plus 6ms (cache hit)
npm http fetch GET 200 https://registry.npmjs.org/mime-db 6ms (cache hit)
npm http fetch GET 200 https://registry.npmjs.org/side-channel 7ms (cache hit)
npm http fetch GET 200 https://registry.npmjs.org/jsprim 8ms (cache hit)
npm http fetch GET 200 https://registry.npmjs.org/tldts 11ms (cache hit)
npm http fetch GET 200 https://registry.npmjs.org/is-natural-number 4ms (cache hit)
npm http fetch GET 200 https://registry.npmjs.org/seek-bzip 5ms (cache hit)
npm http fetch GET 200 https://registry.npmjs.org/file-type 6ms (cache hit)
npm http fetch GET 200 https://registry.npmjs.org/file-type 10ms (cache hit)
npm http fetch GET 200 https://registry.npmjs.org/file-type 11ms (cache hit)
npm http fetch GET 200 https://registry.npmjs.org/unbzip2-stream 14ms (cache hit)
npm http fetch GET 200 https://registry.npmjs.org/file-type 16ms (cache hit)
npm http fetch GET 200 https://registry.npmjs.org/xtend 3ms (cache hit)
npm http fetch GET 200 https://registry.npmjs.org/buffer-alloc 3ms (cache hit)
npm http fetch GET 200 https://registry.npmjs.org/to-buffer 3ms (cache hit)
npm http fetch GET 200 https://registry.npmjs.org/pinkie-promise 2ms (cache hit)
npm http fetch GET 200 https://registry.npmjs.org/object-assign 3ms (cache hit)
npm http fetch GET 200 https://registry.npmjs.org/ansi-regex 1ms (cache hit)
npm http fetch GET 200 https://registry.npmjs.org/which 3ms (cache hit)
npm http fetch GET 200 https://registry.npmjs.org/mimic-fn 3ms (cache hit)
npm http fetch GET 200 https://registry.npmjs.org/path-key 4ms (cache hit)
npm http fetch GET 200 https://registry.npmjs.org/path-key 3ms (cache hit)
npm http fetch GET 200 https://registry.npmjs.org/shebang-command 6ms (cache hit)
npm http fetch GET 200 https://registry.npmjs.org/pump 5ms (cache hit)
npm http fetch GET 200 https://registry.npmjs.org/isexe 1ms (cache hit)
npm http fetch GET 200 https://registry.npmjs.org/shebang-regex 2ms (cache hit)
npm http fetch GET 200 https://registry.npmjs.org/@types%2fnode 9ms (cache hit)
npm http fetch GET 200 https://registry.npmjs.org/undici-types 2ms (cache hit)
npm http fetch GET 200 https://registry.npmjs.org/es-errors 2ms (cache hit)
npm http fetch GET 200 https://registry.npmjs.org/has-tostringtag 3ms (cache hit)
npm http fetch GET 200 https://registry.npmjs.org/function-bind 3ms (cache hit)
npm http fetch GET 200 https://registry.npmjs.org/get-intrinsic 3ms (cache hit)
npm http fetch GET 200 https://registry.npmjs.org/es-define-property 5ms (cache hit)
npm http fetch GET 200 https://registry.npmjs.org/has-symbols 6ms (cache hit)
npm http fetch GET 200 https://registry.npmjs.org/get-proto 6ms (cache hit)
npm http fetch GET 200 https://registry.npmjs.org/math-intrinsics 6ms (cache hit)
npm http fetch GET 200 https://registry.npmjs.org/call-bind-apply-helpers 6ms (cache hit)
npm http fetch GET 200 https://registry.npmjs.org/es-object-atoms 7ms (cache hit)
npm http fetch GET 200 https://registry.npmjs.org/gopd 9ms (cache hit)
npm http fetch GET 200 https://registry.npmjs.org/has-symbols 2ms (cache hit)
npm http fetch GET 200 https://registry.npmjs.org/dunder-proto 3ms (cache hit)
npm http fetch GET 200 https://registry.npmjs.org/pinkie 1ms (cache hit)
npm http fetch GET 200 https://registry.npmjs.org/wrappy 1ms (cache hit)
npm http fetch GET 200 https://registry.npmjs.org/brace-expansion 2ms (cache hit)
npm http fetch GET 200 https://registry.npmjs.org/wrappy 3ms (cache hit)
npm http fetch GET 200 https://registry.npmjs.org/verror 4ms (cache hit)
npm http fetch GET 200 https://registry.npmjs.org/dashdash 4ms (cache hit)
npm http fetch GET 200 https://registry.npmjs.org/json-schema 5ms (cache hit)
npm http fetch GET 200 https://registry.npmjs.org/extsprintf 7ms (cache hit)
npm http fetch GET 200 https://registry.npmjs.org/asn1 6ms (cache hit)
npm http fetch GET 200 https://registry.npmjs.org/jsbn 7ms (cache hit)
npm http fetch GET 200 https://registry.npmjs.org/getpass 7ms (cache hit)
npm http fetch GET 200 https://registry.npmjs.org/bcrypt-pbkdf 4ms (cache hit)
npm http fetch GET 200 https://registry.npmjs.org/ecc-jsbn 6ms (cache hit)
npm http fetch GET 200 https://registry.npmjs.org/tweetnacl 4ms (cache hit)
npm http fetch GET 200 https://registry.npmjs.org/safer-buffer 4ms (cache hit)
npm http fetch GET 200 https://registry.npmjs.org/aggregate-error 3ms (cache hit)
npm http fetch GET 200 https://registry.npmjs.org/ansi-escapes 3ms (cache hit)
npm http fetch GET 200 https://registry.npmjs.org/tslib 4ms (cache hit)
npm http fetch GET 200 https://registry.npmjs.org/astral-regex 1ms (cache hit)
npm http fetch GET 200 https://registry.npmjs.org/type-fest 1ms (cache hit)
npm http fetch GET 200 https://registry.npmjs.org/balanced-match 1ms (cache hit)
npm http fetch GET 200 https://registry.npmjs.org/concat-map 2ms (cache hit)
npm http fetch GET 200 https://registry.npmjs.org/is-binary-path 4ms (cache hit)
npm http fetch GET 200 https://registry.npmjs.org/fsevents 4ms (cache hit)
npm http fetch GET 200 https://registry.npmjs.org/readdirp 7ms (cache hit)
npm http fetch GET 200 https://registry.npmjs.org/braces 8ms (cache hit)
npm http fetch GET 200 https://registry.npmjs.org/anymatch 9ms (cache hit)
npm http fetch GET 200 https://registry.npmjs.org/glob-parent 9ms (cache hit)
npm http fetch GET 200 https://registry.npmjs.org/is-glob 13ms (cache hit)
npm http fetch GET 200 https://registry.npmjs.org/locate-path 11ms (cache hit)
npm http fetch GET 200 https://registry.npmjs.org/randombytes 7ms (cache hit)
npm http fetch GET 200 https://registry.npmjs.org/escalade 7ms (cache hit)
npm http fetch GET 200 https://registry.npmjs.org/path-exists 10ms (cache hit)
npm http fetch GET 200 https://registry.npmjs.org/camelcase 6ms (cache hit)
npm http fetch GET 200 https://registry.npmjs.org/argparse 10ms (cache hit)
npm http fetch GET 200 https://registry.npmjs.org/flat 5ms (cache hit)
npm http fetch GET 200 https://registry.npmjs.org/is-plain-obj 3ms (cache hit)
npm http fetch GET 200 https://registry.npmjs.org/is-extglob 4ms (cache hit)
npm http fetch GET 200 https://registry.npmjs.org/fill-range 4ms (cache hit)
npm http fetch GET 200 https://registry.npmjs.org/binary-extensions 5ms (cache hit)
npm http fetch GET 200 https://registry.npmjs.org/picomatch 5ms (cache hit)
npm http fetch GET 200 https://registry.npmjs.org/picomatch 6ms (cache hit)
npm http fetch GET 200 https://registry.npmjs.org/to-regex-range 1ms (cache hit)
npm http fetch GET 200 https://registry.npmjs.org/is-number 1ms (cache hit)
npm http fetch GET 200 https://registry.npmjs.org/p-locate 2ms (cache hit)
npm http fetch GET 200 https://registry.npmjs.org/p-limit 1ms (cache hit)
npm http fetch GET 200 https://registry.npmjs.org/easy-stack 1ms (cache hit)
npm http fetch GET 200 https://registry.npmjs.org/yocto-queue 2ms (cache hit)
npm http fetch GET 200 https://registry.npmjs.org/clean-stack 1ms (cache hit)
npm http fetch GET 200 https://registry.npmjs.org/indent-string 2ms (cache hit)
npm http fetch GET 200 https://registry.npmjs.org/duplexer 3ms (cache hit)
npm http fetch GET 200 https://registry.npmjs.org/split 3ms (cache hit)
npm http fetch GET 200 https://registry.npmjs.org/from 4ms (cache hit)
npm http fetch GET 200 https://registry.npmjs.org/stream-combiner 4ms (cache hit)
npm http fetch GET 200 https://registry.npmjs.org/map-stream 4ms (cache hit)
npm http fetch GET 200 https://registry.npmjs.org/pause-stream 4ms (cache hit)
npm http fetch GET 200 https://registry.npmjs.org/side-channel-map 3ms (cache hit)
npm http fetch GET 200 https://registry.npmjs.org/side-channel-weakmap 3ms (cache hit)
npm http fetch GET 200 https://registry.npmjs.org/side-channel-list 4ms (cache hit)
npm http fetch GET 200 https://registry.npmjs.org/object-inspect 5ms (cache hit)
npm http fetch GET 200 https://registry.npmjs.org/call-bound 1ms (cache hit)
npm http fetch GET 200 https://registry.npmjs.org/call-bound 1ms (cache hit)
npm http fetch GET 200 https://registry.npmjs.org/uri-js 4ms (cache hit)
npm http fetch GET 200 https://registry.npmjs.org/fast-deep-equal 5ms (cache hit)
npm http fetch GET 200 https://registry.npmjs.org/fast-json-stable-stringify 4ms (cache hit)
npm http fetch GET 200 https://registry.npmjs.org/json-schema-traverse 4ms (cache hit)
npm http fetch GET 200 https://registry.npmjs.org/punycode 1ms (cache hit)
npm http fetch GET 200 https://registry.npmjs.org/tldts-core 6ms (cache hit)
npm http fetch GET 200 https://registry.npmjs.org/slash 4ms (cache hit)
npm http fetch GET 200 https://registry.npmjs.org/resolve-pkg-maps 5ms (cache hit)
npm http fetch GET 200 https://registry.npmjs.org/merge2 4ms (cache hit)
npm http fetch GET 200 https://registry.npmjs.org/array-union 4ms (cache hit)
npm http fetch GET 200 https://registry.npmjs.org/dir-glob 5ms (cache hit)
npm http fetch GET 200 https://registry.npmjs.org/fast-glob 6ms (cache hit)
npm http fetch GET 200 https://registry.npmjs.org/ignore 7ms (cache hit)
npm http fetch GET 200 https://registry.npmjs.org/queue-lit 5ms (cache hit)
npm http fetch GET 200 https://registry.npmjs.org/path-type 4ms (cache hit)
npm http fetch GET 200 https://registry.npmjs.org/@nodelib%2ffs.stat 3ms (cache hit)
npm http fetch GET 200 https://registry.npmjs.org/micromatch 3ms (cache hit)
npm http fetch GET 200 https://registry.npmjs.org/@nodelib%2ffs.walk 5ms (cache hit)
npm http fetch GET 200 https://registry.npmjs.org/fastq 2ms (cache hit)
npm http fetch GET 200 https://registry.npmjs.org/@nodelib%2ffs.scandir 2ms (cache hit)
npm http fetch GET 200 https://registry.npmjs.org/reusify 2ms (cache hit)
npm http fetch GET 200 https://registry.npmjs.org/run-parallel 3ms (cache hit)
npm http fetch GET 200 https://registry.npmjs.org/queue-microtask 1ms (cache hit)
npm http fetch GET 200 https://registry.npmjs.org/ansi-align 5ms (cache hit)
npm http fetch GET 200 https://registry.npmjs.org/widest-line 6ms (cache hit)
npm http fetch GET 200 https://registry.npmjs.org/cli-boxes 6ms (cache hit)
npm http fetch GET 200 https://registry.npmjs.org/write-file-atomic 4ms (cache hit)
npm http fetch GET 200 https://registry.npmjs.org/unique-string 6ms (cache hit)
npm http fetch GET 200 https://registry.npmjs.org/package-json 5ms (cache hit)
npm http fetch GET 200 https://registry.npmjs.org/dot-prop 7ms (cache hit)
npm http fetch GET 200 https://registry.npmjs.org/escape-goat 3ms (cache hit)
npm http fetch GET 200 https://registry.npmjs.org/eastasianwidth 4ms (cache hit)
npm http fetch GET 200 https://registry.npmjs.org/is-obj 9ms (cache hit)
npm http fetch GET 200 https://registry.npmjs.org/imurmurhash 9ms (cache hit)
npm http fetch GET 200 https://registry.npmjs.org/typedarray-to-buffer 9ms (cache hit)
npm http fetch GET 200 https://registry.npmjs.org/crypto-random-string 10ms (cache hit)
npm http fetch GET 200 https://registry.npmjs.org/registry-url 2ms (cache hit)
npm http fetch GET 200 https://registry.npmjs.org/registry-auth-token 2ms (cache hit)
npm http fetch GET 200 https://registry.npmjs.org/got 4ms (cache hit)
npm http fetch GET 200 https://registry.npmjs.org/responselike 5ms (cache hit)
npm http fetch GET 200 https://registry.npmjs.org/p-cancelable 5ms (cache hit)
npm http fetch GET 200 https://registry.npmjs.org/cacheable-lookup 5ms (cache hit)
npm http fetch GET 200 https://registry.npmjs.org/cacheable-request 6ms (cache hit)
npm http fetch GET 200 https://registry.npmjs.org/lowercase-keys 9ms (cache hit)
npm http fetch GET 200 https://registry.npmjs.org/@sindresorhus%2fis 10ms (cache hit)
npm http fetch GET 200 https://registry.npmjs.org/http2-wrapper 12ms (cache hit)
npm http fetch GET 200 https://registry.npmjs.org/form-data-encoder 10ms (cache hit)
npm http fetch GET 200 https://registry.npmjs.org/@pnpm%2fnpm-conf 6ms (cache hit)
npm http fetch GET 200 https://registry.npmjs.org/decompress-response 10ms (cache hit)
npm http fetch GET 200 https://registry.npmjs.org/@szmarczak%2fhttp-timer 9ms (cache hit)
npm http fetch GET 200 https://registry.npmjs.org/rc 7ms (cache hit)
npm http fetch GET 200 https://registry.npmjs.org/defer-to-connect 5ms (cache hit)
npm http fetch GET 200 https://registry.npmjs.org/normalize-url 5ms (cache hit)
npm http fetch GET 200 https://registry.npmjs.org/http-cache-semantics 6ms (cache hit)
npm http fetch GET 200 https://registry.npmjs.org/mimic-response 4ms (cache hit)
npm http fetch GET 200 https://registry.npmjs.org/keyv 8ms (cache hit)
npm http fetch GET 200 https://registry.npmjs.org/@types%2fhttp-cache-semantics 7ms (cache hit)
npm http fetch GET 200 https://registry.npmjs.org/mimic-response 8ms (cache hit)
npm http fetch GET 200 https://registry.npmjs.org/quick-lru 4ms (cache hit)
npm http fetch GET 200 https://registry.npmjs.org/resolve-alpn 4ms (cache hit)
npm http fetch GET 200 https://registry.npmjs.org/json-buffer 1ms (cache hit)
npm http fetch GET 200 https://registry.npmjs.org/@pnpm%2fnetwork.ca-file 3ms (cache hit)
npm http fetch GET 200 https://registry.npmjs.org/config-chain 4ms (cache hit)
npm http fetch GET 200 https://registry.npmjs.org/@pnpm%2fconfig.env-replace 4ms (cache hit)
npm http fetch GET 200 https://registry.npmjs.org/proto-list 1ms (cache hit)
npm http fetch GET 200 https://registry.npmjs.org/deep-extend 1ms (cache hit)
npm http fetch GET 200 https://registry.npmjs.org/pend 2ms (cache hit)
npm http fetch GET 200 https://registry.npmjs.org/crc32-stream 2ms (cache hit)
npm http fetch GET 200 https://registry.npmjs.org/crc-32 1ms (cache hit)
npm http fetch GET 200 https://registry.npmjs.org/buffer-fill 2ms (cache hit)
npm http fetch GET 200 https://registry.npmjs.org/typed-array-buffer 2ms (cache hit)
npm http fetch GET 200 https://registry.npmjs.org/buffer-alloc-unsafe 3ms (cache hit)
npm http fetch GET 200 https://registry.npmjs.org/is-typed-array 2ms (cache hit)
npm http fetch GET 200 https://registry.npmjs.org/which-typed-array 1ms (cache hit)
npm http fetch GET 200 https://registry.npmjs.org/for-each 2ms (cache hit)
npm http fetch GET 200 https://registry.npmjs.org/available-typed-arrays 2ms (cache hit)
npm http fetch GET 200 https://registry.npmjs.org/call-bind 3ms (cache hit)
npm http fetch GET 200 https://registry.npmjs.org/set-function-length 2ms (cache hit)
npm http fetch GET 200 https://registry.npmjs.org/possible-typed-array-names 2ms (cache hit)
npm http fetch GET 200 https://registry.npmjs.org/is-callable 2ms (cache hit)
npm http fetch GET 200 https://registry.npmjs.org/has-property-descriptors 3ms (cache hit)
npm http fetch GET 200 https://registry.npmjs.org/define-data-property 3ms (cache hit)
npm http fetch GET 200 https://registry.npmjs.org/p-try 1ms (cache hit)
npm warn deprecated inflight@1.0.6: This module is not supported, and leaks memory. Do not use it. Check out lru-cache if you want a good and tested way to coalesce async requests by a key value, which is much more comprehensive and powerful.
npm warn deprecated rimraf@2.5.4: Rimraf versions prior to v4 are no longer supported
npm warn deprecated glob@7.2.3: Glob versions prior to v9 are no longer supported
npm warn deprecated glob@8.1.0: Glob versions prior to v9 are no longer supported
npm info run fsevents@2.3.3 install node_modules/fsevents node-gyp rebuild
npm info run fsevents@2.3.3 install { code: 1, signal: null }
npm verbose reify failed optional dependency /Users/devendragawade/Cypress/tmpBstackPackages/node_modules/fsevents
npm info run cypress@13.17.0 postinstall node_modules/cypress node index.js --exec install
npm info run cypress@13.17.0 postinstall { code: 0, signal: null }
npm http fetch POST 200 https://registry.npmjs.org/-/npm/v1/security/advisories/bulk 11720ms

added 504 packages, and audited 505 packages in 13s

111 packages are looking for funding
  run `npm fund` for details

found 0 vulnerabilities
npm verbose cwd /Users/devendragawade/Cypress/tmpBstackPackages
npm verbose os Darwin 24.5.0
npm verbose node v20.19.5
npm verbose npm  v10.8.2
npm verbose exit 0
npm info ok
